<?xml version="1.0" encoding="UTF-8"?>
<!-- Generated by org.testng.reporters.JUnitReportReporter -->
<testsuite hostname="DESKTOP-8HN186T" failures="0" tests="1" name="testcases_assessment_module.TC_05_Chapter_Incomplete_Assessment" time="15.850" errors="0" timestamp="2024-09-23T13:52:44 IST" skipped="0">
  <testcase classname="testcases_assessment_module.TC_05_Chapter_Incomplete_Assessment" name="chapterIncompleteAssessment" time="15.850"/>
</testsuite> <!-- testcases_assessment_module.TC_05_Chapter_Incomplete_Assessment -->
