<?xml version="1.0" encoding="UTF-8"?>
<!-- Generated by org.testng.reporters.JUnitReportReporter -->
<testsuite hostname="DESKTOP-8HN186T" failures="0" tests="1" name="profilePageModule.TC_04_ProfilePage" time="24.544" errors="0" timestamp="2024-09-23T12:20:07 IST" skipped="0">
  <testcase classname="profilePageModule.TC_04_ProfilePage" name="Profilepage" time="24.544"/>
</testsuite> <!-- profilePageModule.TC_04_ProfilePage -->
