<?xml version="1.0" encoding="UTF-8"?>
<!-- Generated by org.testng.reporters.JUnitReportReporter -->
<testsuite hostname="DESKTOP-8HN186T" failures="0" tests="1" name="testcases.TC_03_CompleteVideo" time="21.176" errors="0" timestamp="2024-09-23T12:20:08 IST" skipped="0">
  <testcase classname="testcases.TC_03_CompleteVideo" name="createAccount" time="21.176"/>
</testsuite> <!-- testcases.TC_03_CompleteVideo -->
