<?xml version="1.0" encoding="UTF-8"?>
<!-- Generated by org.testng.reporters.JUnitReportReporter -->
<testsuite hostname="DESKTOP-8HN186T" failures="0" tests="1" name="testcases_createAccountModule.TC_05_CreateAccount" time="5.447" errors="0" timestamp="2024-09-23T13:52:44 IST" skipped="0">
  <testcase classname="testcases_createAccountModule.TC_05_CreateAccount" name="createAccount" time="5.447"/>
</testsuite> <!-- testcases_createAccountModule.TC_05_CreateAccount -->
