<?xml version="1.0" encoding="UTF-8"?>
<!-- Generated by org.testng.reporters.JUnitReportReporter -->
<testsuite hostname="DESKTOP-8HN186T" failures="0" tests="1" name="createAccountModule.TC_01_CreateAccount" time="6.606" errors="0" timestamp="2024-09-23T12:20:08 IST" skipped="0">
  <testcase classname="createAccountModule.TC_01_CreateAccount" name="createAccount" time="6.606"/>
</testsuite> <!-- createAccountModule.TC_01_CreateAccount -->
