<?xml version="1.0" encoding="UTF-8"?>
<!-- Generated by org.testng.reporters.JUnitReportReporter -->
<testsuite hostname="DESKTOP-8HN186T" failures="0" tests="1" name="profilePageModule.TC_03_ProfilePage" time="15.010" errors="0" timestamp="2024-09-23T12:20:08 IST" skipped="0">
  <testcase classname="profilePageModule.TC_03_ProfilePage" name="Profilepage" time="15.010"/>
</testsuite> <!-- profilePageModule.TC_03_ProfilePage -->
