<?xml version="1.0" encoding="UTF-8"?>
<!-- Generated by org.testng.reporters.JUnitReportReporter -->
<testsuite hostname="DESKTOP-8HN186T" failures="0" tests="1" name="testcases_myCoursePageModule.TC_01_MyCoursePage" time="33.683" errors="0" timestamp="2024-09-23T13:52:44 IST" skipped="0">
  <testcase classname="testcases_myCoursePageModule.TC_01_MyCoursePage" name="Mycoursepage" time="33.683"/>
</testsuite> <!-- testcases_myCoursePageModule.TC_01_MyCoursePage -->
