<?xml version="1.0" encoding="UTF-8"?>
<!-- Generated by org.testng.reporters.JUnitReportReporter -->
<testsuite hostname="DESKTOP-8HN186T" failures="0" tests="1" name="createAccountModule.TC_08_CreateAccount" time="8.267" errors="0" timestamp="2024-09-23T12:20:07 IST" skipped="0">
  <testcase classname="createAccountModule.TC_08_CreateAccount" name="createAccount" time="8.267"/>
</testsuite> <!-- createAccountModule.TC_08_CreateAccount -->
