<?xml version="1.0" encoding="UTF-8"?>
<!-- Generated by org.testng.reporters.JUnitReportReporter -->
<testsuite hostname="DESKTOP-8HN186T" failures="0" tests="1" name="testcases_profilePageModule.TC_03_ProfilePage" time="19.003" errors="0" timestamp="2024-09-23T13:52:44 IST" skipped="0">
  <testcase classname="testcases_profilePageModule.TC_03_ProfilePage" name="Profilepage" time="19.003"/>
</testsuite> <!-- testcases_profilePageModule.TC_03_ProfilePage -->
