<?xml version="1.0" encoding="UTF-8"?>
<!-- Generated by org.testng.reporters.JUnitReportReporter -->
<testsuite hostname="DESKTOP-8HN186T" failures="0" tests="1" name="testcases_cartPageModule.TC_01_cartPage" time="160.142" errors="0" timestamp="2024-09-23T13:52:44 IST" skipped="0">
  <testcase classname="testcases_cartPageModule.TC_01_cartPage" name="Cartpage" time="160.142"/>
</testsuite> <!-- testcases_cartPageModule.TC_01_cartPage -->
