<?xml version="1.0" encoding="UTF-8"?>
<!-- Generated by org.testng.reporters.JUnitReportReporter -->
<testsuite hostname="DESKTOP-8HN186T" failures="0" tests="1" name="testcases_myCoursePageModule.TC_04_Video_Completion_Check" time="17.044" errors="0" timestamp="2024-09-23T13:52:44 IST" skipped="0">
  <testcase classname="testcases_myCoursePageModule.TC_04_Video_Completion_Check" name="Mycoursepage" time="17.044"/>
</testsuite> <!-- testcases_myCoursePageModule.TC_04_Video_Completion_Check -->
