<?xml version="1.0" encoding="UTF-8"?>
<!-- Generated by org.testng.reporters.JUnitReportReporter -->
<testsuite hostname="DESKTOP-8HN186T" failures="0" tests="1" name="testcases_createAccountModule.TC_01_CreateAccount" time="6.652" errors="0" timestamp="2024-09-23T13:52:44 IST" skipped="0">
  <testcase classname="testcases_createAccountModule.TC_01_CreateAccount" name="createAccount" time="6.652"/>
</testsuite> <!-- testcases_createAccountModule.TC_01_CreateAccount -->
