<?xml version="1.0" encoding="UTF-8"?>
<!-- Generated by org.testng.reporters.JUnitReportReporter -->
<testsuite hostname="DESKTOP-8HN186T" failures="0" tests="1" name="profilePageModule.TC_01_ProfilePage" time="16.596" errors="0" timestamp="2024-09-23T12:20:08 IST" skipped="0">
  <testcase classname="profilePageModule.TC_01_ProfilePage" name="Profilepage" time="16.596"/>
</testsuite> <!-- profilePageModule.TC_01_ProfilePage -->
