<?xml version="1.0" encoding="UTF-8"?>
<!-- Generated by org.testng.reporters.JUnitReportReporter -->
<testsuite hostname="DESKTOP-8HN186T" failures="0" tests="1" name="signInPageModule.TC_01_SignInpage" time="50.948" errors="0" timestamp="2024-09-23T12:20:08 IST" skipped="0">
  <testcase classname="signInPageModule.TC_01_SignInpage" name="SignInpage" time="50.948"/>
</testsuite> <!-- signInPageModule.TC_01_SignInpage -->
