<?xml version="1.0" encoding="UTF-8"?>
<!-- Generated by org.testng.reporters.JUnitReportReporter -->
<testsuite hostname="DESKTOP-8HN186T" failures="0" tests="1" name="createAccountModule.TC_09_CreateAccount" time="15.547" errors="0" timestamp="2024-09-23T12:20:08 IST" skipped="0">
  <testcase classname="createAccountModule.TC_09_CreateAccount" name="createAccount" time="15.547"/>
</testsuite> <!-- createAccountModule.TC_09_CreateAccount -->
