<?xml version="1.0" encoding="UTF-8"?>
<!-- Generated by org.testng.reporters.JUnitReportReporter -->
<testsuite hostname="DESKTOP-8HN186T" failures="0" tests="1" name="landingPageModule.TC_01_LandingPage" time="51.773" errors="0" timestamp="2024-09-23T12:20:07 IST" skipped="0">
  <testcase classname="landingPageModule.TC_01_LandingPage" name="landingpage" time="51.773"/>
</testsuite> <!-- landingPageModule.TC_01_LandingPage -->
