<?xml version="1.0" encoding="UTF-8"?>
<!-- Generated by org.testng.reporters.JUnitReportReporter -->
<testsuite hostname="DESKTOP-8HN186T" failures="0" tests="1" name="testcases_assessment_module.TC_08_Pass_Fail_Check" time="40.216" errors="0" timestamp="2024-09-23T13:52:44 IST" skipped="0">
  <testcase classname="testcases_assessment_module.TC_08_Pass_Fail_Check" name="passFailCheck" time="40.216"/>
</testsuite> <!-- testcases_assessment_module.TC_08_Pass_Fail_Check -->
