<?xml version="1.0" encoding="UTF-8"?>
<!-- Generated by org.testng.reporters.JUnitReportReporter -->
<testsuite hostname="DESKTOP-8HN186T" failures="0" tests="1" name="testcases.TC_05_CheckAssessmentCompleted" time="19.077" errors="0" timestamp="2024-09-23T12:20:08 IST" skipped="0">
  <testcase classname="testcases.TC_05_CheckAssessmentCompleted" name="createAccount" time="19.077"/>
</testsuite> <!-- testcases.TC_05_CheckAssessmentCompleted -->
