<?xml version="1.0" encoding="UTF-8"?>
<!-- Generated by org.testng.reporters.JUnitReportReporter -->
<testsuite hostname="DESKTOP-8HN186T" failures="0" tests="1" name="testcases_signInPageModule.TC_03_SignInpage" time="126.086" errors="0" timestamp="2024-09-23T13:52:44 IST" skipped="0">
  <testcase classname="testcases_signInPageModule.TC_03_SignInpage" name="SignInpage" time="126.086"/>
</testsuite> <!-- testcases_signInPageModule.TC_03_SignInpage -->
